<?xml version="1.0" encoding="UTF-8"?>
<testsuite name="Ping3PongTest" tests="5" skipped="0" failures="0" errors="0" timestamp="2017-05-22T17:48:40" hostname="Byrons-MacBook-Pro.local" time="0.002">
  <properties/>
  <testcase name="runPingPong_replaceMultiplesofBoth3and5_ArrayList" classname="Ping3PongTest" time="0.001"/>
  <testcase name="runPing3Pong_replaceMultipleOf3_ArrayList" classname="Ping3PongTest" time="0.0"/>
  <testcase name="runPing3Pong_replaceMultipleOf5_ArrayList" classname="Ping3PongTest" time="0.0"/>
  <testcase name="runPing3Pong_countUpToOne_ArrayList" classname="Ping3PongTest" time="0.0"/>
  <testcase name="runPing3Pong_countUpToNumber_ArrayList" classname="Ping3PongTest" time="0.0"/>
  <system-out><![CDATA[]]></system-out>
  <system-err><![CDATA[]]></system-err>
</testsuite>
